*** BCVTB client log file.
*************************.
Writing to socket at time = 3.456000e+05
Assembling buffer.
Write to socket with fd = 17
Buffer        = 2 0 3 0 0 3.456000000000000e+05 2.440000000000000e+01 2.744053595288562e+01 0.000000000000000e+00 

Wrote 99 characters to socket.
Reading from socket.
In readbufferfromsocket: Read 4 chars, maximum is 142.
Error while disassembling the header of the buffer.
Disassembled buffer.
Finished exchanging data with socket: simTimRea=0.000000e+00, flag=1.
Assembling buffer.
Write to socket with fd = 17
Buffer        = 2 -20 

Error writing to socket: Return value = -1.
Error writing to socket: Broken pipe
sendclientmessage wrote flag -20, return value = -1.
Assembling buffer.
Write to socket with fd = 17
Buffer        = 2 -1 

Error writing to socket: Return value = -1.
Error writing to socket: Broken pipe
sendclientmessage wrote flag -1, return value = -1.
